<?xml version="1.0" encoding="UTF-8"?>
<!-- Generated by org.testng.reporters.JUnitXMLReporter -->
<testsuite hostname="DESKTOP-KJDI7QK" ignored="0" name="BankingApp Test" tests="3" failures="0" timestamp="2020-05-11T16:36:16 EDT" time="65.678" errors="0">
  <testcase name="loginTest" time="6.171" classname="com.netbank.TestCases.TC_LoginTest_001"/>
  <testcase name="loginDDT" time="0.0" classname="com.netbank.TestCases.TC_LoginDDT_002">
    <skipped/>
  </testcase> <!-- loginDDT -->
  <testcase name="addNewCustomer" time="16.178" classname="com.netbank.TestCases.TC_AddCustomerTest_003"/>
</testsuite> <!-- BankingApp Test -->
